3/31/2022, 9:18:48 PM - INFO - Server is running on port: 3030 
3/31/2022, 10:12:26 PM - DEBUG - auth.service - login with email: kooshtal@gmail.com (sid: WGPjLiVDd6KlpoLr2_D1MOJkYAERulE2)
3/31/2022, 10:17:15 PM - ERROR - while finding board undefined | Error: Argument passed in must be a single String of 12 bytes or a string of 24 hex characters (sid: WGPjLiVDd6KlpoLr2_D1MOJkYAERulE2)
3/31/2022, 10:17:15 PM - ERROR - Failed to get board | Error: Argument passed in must be a single String of 12 bytes or a string of 24 hex characters (sid: WGPjLiVDd6KlpoLr2_D1MOJkYAERulE2)
3/31/2022, 10:45:25 PM - ERROR - while finding board undefined | Error: Argument passed in must be a single String of 12 bytes or a string of 24 hex characters (sid: WGPjLiVDd6KlpoLr2_D1MOJkYAERulE2)
3/31/2022, 10:45:25 PM - ERROR - Failed to get board | Error: Argument passed in must be a single String of 12 bytes or a string of 24 hex characters (sid: WGPjLiVDd6KlpoLr2_D1MOJkYAERulE2)
3/31/2022, 11:01:11 PM - ERROR - while finding board undefined | Error: Argument passed in must be a single String of 12 bytes or a string of 24 hex characters (sid: WGPjLiVDd6KlpoLr2_D1MOJkYAERulE2)
3/31/2022, 11:01:11 PM - ERROR - Failed to get board | Error: Argument passed in must be a single String of 12 bytes or a string of 24 hex characters (sid: WGPjLiVDd6KlpoLr2_D1MOJkYAERulE2)
3/31/2022, 11:06:30 PM - ERROR - while finding board undefined | Error: Argument passed in must be a single String of 12 bytes or a string of 24 hex characters (sid: WGPjLiVDd6KlpoLr2_D1MOJkYAERulE2)
3/31/2022, 11:06:30 PM - ERROR - Failed to get board | Error: Argument passed in must be a single String of 12 bytes or a string of 24 hex characters (sid: WGPjLiVDd6KlpoLr2_D1MOJkYAERulE2)
3/31/2022, 11:08:47 PM - ERROR - while finding board undefined | Error: Argument passed in must be a single String of 12 bytes or a string of 24 hex characters (sid: WGPjLiVDd6KlpoLr2_D1MOJkYAERulE2)
3/31/2022, 11:08:47 PM - ERROR - Failed to get board | Error: Argument passed in must be a single String of 12 bytes or a string of 24 hex characters (sid: WGPjLiVDd6KlpoLr2_D1MOJkYAERulE2)
3/31/2022, 11:13:26 PM - ERROR - while finding board undefined | Error: Argument passed in must be a single String of 12 bytes or a string of 24 hex characters (sid: WGPjLiVDd6KlpoLr2_D1MOJkYAERulE2)
3/31/2022, 11:13:26 PM - ERROR - Failed to get board | Error: Argument passed in must be a single String of 12 bytes or a string of 24 hex characters (sid: WGPjLiVDd6KlpoLr2_D1MOJkYAERulE2)
4/1/2022, 9:34:28 AM - INFO - Server is running on port: 3030 
4/1/2022, 9:34:47 AM - DEBUG - auth.service - login with email: kooshtal@gmail.com (sid: DHT97zgGbazXTJdJLjZp4QX4rmQQ1Zlh)
4/1/2022, 9:34:49 AM - DEBUG - auth.service - login with email: kooshtal@gmail.com (sid: DHT97zgGbazXTJdJLjZp4QX4rmQQ1Zlh)
4/1/2022, 10:17:00 AM - ERROR - while finding board undefined | Error: Argument passed in must be a single String of 12 bytes or a string of 24 hex characters (sid: DHT97zgGbazXTJdJLjZp4QX4rmQQ1Zlh)
4/1/2022, 10:17:00 AM - ERROR - Failed to get board | Error: Argument passed in must be a single String of 12 bytes or a string of 24 hex characters (sid: DHT97zgGbazXTJdJLjZp4QX4rmQQ1Zlh)
4/1/2022, 10:25:03 AM - ERROR - while finding board undefined | Error: Argument passed in must be a single String of 12 bytes or a string of 24 hex characters (sid: DHT97zgGbazXTJdJLjZp4QX4rmQQ1Zlh)
4/1/2022, 10:25:03 AM - ERROR - Failed to get board | Error: Argument passed in must be a single String of 12 bytes or a string of 24 hex characters (sid: DHT97zgGbazXTJdJLjZp4QX4rmQQ1Zlh)
4/1/2022, 10:27:27 AM - ERROR - while finding board undefined | Error: Argument passed in must be a single String of 12 bytes or a string of 24 hex characters (sid: DHT97zgGbazXTJdJLjZp4QX4rmQQ1Zlh)
4/1/2022, 10:27:27 AM - ERROR - Failed to get board | Error: Argument passed in must be a single String of 12 bytes or a string of 24 hex characters (sid: DHT97zgGbazXTJdJLjZp4QX4rmQQ1Zlh)
4/1/2022, 10:28:03 AM - ERROR - while finding board undefined | Error: Argument passed in must be a single String of 12 bytes or a string of 24 hex characters (sid: DHT97zgGbazXTJdJLjZp4QX4rmQQ1Zlh)
4/1/2022, 10:28:03 AM - ERROR - Failed to get board | Error: Argument passed in must be a single String of 12 bytes or a string of 24 hex characters (sid: DHT97zgGbazXTJdJLjZp4QX4rmQQ1Zlh)
4/1/2022, 10:30:41 AM - ERROR - while finding board undefined | Error: Argument passed in must be a single String of 12 bytes or a string of 24 hex characters (sid: DHT97zgGbazXTJdJLjZp4QX4rmQQ1Zlh)
4/1/2022, 10:30:41 AM - ERROR - Failed to get board | Error: Argument passed in must be a single String of 12 bytes or a string of 24 hex characters (sid: DHT97zgGbazXTJdJLjZp4QX4rmQQ1Zlh)
4/1/2022, 10:31:58 AM - ERROR - while finding board undefined | Error: Argument passed in must be a single String of 12 bytes or a string of 24 hex characters (sid: DHT97zgGbazXTJdJLjZp4QX4rmQQ1Zlh)
4/1/2022, 10:31:58 AM - ERROR - Failed to get board | Error: Argument passed in must be a single String of 12 bytes or a string of 24 hex characters (sid: DHT97zgGbazXTJdJLjZp4QX4rmQQ1Zlh)
4/1/2022, 10:33:37 AM - ERROR - while finding board undefined | Error: Argument passed in must be a single String of 12 bytes or a string of 24 hex characters (sid: DHT97zgGbazXTJdJLjZp4QX4rmQQ1Zlh)
4/1/2022, 10:33:37 AM - ERROR - Failed to get board | Error: Argument passed in must be a single String of 12 bytes or a string of 24 hex characters (sid: DHT97zgGbazXTJdJLjZp4QX4rmQQ1Zlh)
4/1/2022, 10:34:18 AM - ERROR - while finding board undefined | Error: Argument passed in must be a single String of 12 bytes or a string of 24 hex characters (sid: DHT97zgGbazXTJdJLjZp4QX4rmQQ1Zlh)
4/1/2022, 10:34:18 AM - ERROR - Failed to get board | Error: Argument passed in must be a single String of 12 bytes or a string of 24 hex characters (sid: DHT97zgGbazXTJdJLjZp4QX4rmQQ1Zlh)
4/1/2022, 10:35:14 AM - ERROR - while finding board undefined | Error: Argument passed in must be a single String of 12 bytes or a string of 24 hex characters (sid: DHT97zgGbazXTJdJLjZp4QX4rmQQ1Zlh)
4/1/2022, 10:35:14 AM - ERROR - Failed to get board | Error: Argument passed in must be a single String of 12 bytes or a string of 24 hex characters (sid: DHT97zgGbazXTJdJLjZp4QX4rmQQ1Zlh)
4/1/2022, 10:36:27 AM - ERROR - while finding board undefined | Error: Argument passed in must be a single String of 12 bytes or a string of 24 hex characters (sid: DHT97zgGbazXTJdJLjZp4QX4rmQQ1Zlh)
4/1/2022, 10:36:27 AM - ERROR - Failed to get board | Error: Argument passed in must be a single String of 12 bytes or a string of 24 hex characters (sid: DHT97zgGbazXTJdJLjZp4QX4rmQQ1Zlh)
4/1/2022, 10:36:56 AM - ERROR - while finding board undefined | Error: Argument passed in must be a single String of 12 bytes or a string of 24 hex characters (sid: DHT97zgGbazXTJdJLjZp4QX4rmQQ1Zlh)
4/1/2022, 10:36:56 AM - ERROR - Failed to get board | Error: Argument passed in must be a single String of 12 bytes or a string of 24 hex characters (sid: DHT97zgGbazXTJdJLjZp4QX4rmQQ1Zlh)
4/1/2022, 10:57:00 AM - ERROR - while finding board undefined | Error: Argument passed in must be a single String of 12 bytes or a string of 24 hex characters (sid: DHT97zgGbazXTJdJLjZp4QX4rmQQ1Zlh)
4/1/2022, 10:57:00 AM - ERROR - Failed to get board | Error: Argument passed in must be a single String of 12 bytes or a string of 24 hex characters (sid: DHT97zgGbazXTJdJLjZp4QX4rmQQ1Zlh)
4/1/2022, 11:03:10 AM - ERROR - while finding board undefined | Error: Argument passed in must be a single String of 12 bytes or a string of 24 hex characters (sid: DHT97zgGbazXTJdJLjZp4QX4rmQQ1Zlh)
4/1/2022, 11:03:10 AM - ERROR - Failed to get board | Error: Argument passed in must be a single String of 12 bytes or a string of 24 hex characters (sid: DHT97zgGbazXTJdJLjZp4QX4rmQQ1Zlh)
4/1/2022, 11:16:01 AM - ERROR - while finding board undefined | Error: Argument passed in must be a single String of 12 bytes or a string of 24 hex characters (sid: DHT97zgGbazXTJdJLjZp4QX4rmQQ1Zlh)
4/1/2022, 11:16:01 AM - ERROR - Failed to get board | Error: Argument passed in must be a single String of 12 bytes or a string of 24 hex characters (sid: DHT97zgGbazXTJdJLjZp4QX4rmQQ1Zlh)
4/1/2022, 11:18:05 AM - ERROR - while finding board undefined | Error: Argument passed in must be a single String of 12 bytes or a string of 24 hex characters (sid: DHT97zgGbazXTJdJLjZp4QX4rmQQ1Zlh)
4/1/2022, 11:18:05 AM - ERROR - Failed to get board | Error: Argument passed in must be a single String of 12 bytes or a string of 24 hex characters (sid: DHT97zgGbazXTJdJLjZp4QX4rmQQ1Zlh)
4/1/2022, 11:23:01 AM - ERROR - while finding board undefined | Error: Argument passed in must be a single String of 12 bytes or a string of 24 hex characters (sid: DHT97zgGbazXTJdJLjZp4QX4rmQQ1Zlh)
4/1/2022, 11:23:01 AM - ERROR - Failed to get board | Error: Argument passed in must be a single String of 12 bytes or a string of 24 hex characters (sid: DHT97zgGbazXTJdJLjZp4QX4rmQQ1Zlh)
4/1/2022, 11:23:13 AM - ERROR - while finding board undefined | Error: Argument passed in must be a single String of 12 bytes or a string of 24 hex characters (sid: DHT97zgGbazXTJdJLjZp4QX4rmQQ1Zlh)
4/1/2022, 11:23:13 AM - ERROR - Failed to get board | Error: Argument passed in must be a single String of 12 bytes or a string of 24 hex characters (sid: DHT97zgGbazXTJdJLjZp4QX4rmQQ1Zlh)
4/1/2022, 11:23:32 AM - ERROR - while finding board undefined | Error: Argument passed in must be a single String of 12 bytes or a string of 24 hex characters (sid: DHT97zgGbazXTJdJLjZp4QX4rmQQ1Zlh)
4/1/2022, 11:23:32 AM - ERROR - Failed to get board | Error: Argument passed in must be a single String of 12 bytes or a string of 24 hex characters (sid: DHT97zgGbazXTJdJLjZp4QX4rmQQ1Zlh)
4/1/2022, 11:28:38 AM - ERROR - while finding board undefined | Error: Argument passed in must be a single String of 12 bytes or a string of 24 hex characters (sid: DHT97zgGbazXTJdJLjZp4QX4rmQQ1Zlh)
4/1/2022, 11:28:38 AM - ERROR - Failed to get board | Error: Argument passed in must be a single String of 12 bytes or a string of 24 hex characters (sid: DHT97zgGbazXTJdJLjZp4QX4rmQQ1Zlh)
4/1/2022, 11:53:09 AM - ERROR - while finding board undefined | Error: Argument passed in must be a single String of 12 bytes or a string of 24 hex characters (sid: DHT97zgGbazXTJdJLjZp4QX4rmQQ1Zlh)
4/1/2022, 11:53:09 AM - ERROR - Failed to get board | Error: Argument passed in must be a single String of 12 bytes or a string of 24 hex characters (sid: DHT97zgGbazXTJdJLjZp4QX4rmQQ1Zlh)
4/1/2022, 12:01:59 PM - ERROR - while finding board undefined | Error: Argument passed in must be a single String of 12 bytes or a string of 24 hex characters (sid: DHT97zgGbazXTJdJLjZp4QX4rmQQ1Zlh)
4/1/2022, 12:01:59 PM - ERROR - Failed to get board | Error: Argument passed in must be a single String of 12 bytes or a string of 24 hex characters (sid: DHT97zgGbazXTJdJLjZp4QX4rmQQ1Zlh)
4/1/2022, 12:02:16 PM - ERROR - while finding board undefined | Error: Argument passed in must be a single String of 12 bytes or a string of 24 hex characters (sid: DHT97zgGbazXTJdJLjZp4QX4rmQQ1Zlh)
4/1/2022, 12:02:16 PM - ERROR - Failed to get board | Error: Argument passed in must be a single String of 12 bytes or a string of 24 hex characters (sid: DHT97zgGbazXTJdJLjZp4QX4rmQQ1Zlh)
4/1/2022, 12:03:10 PM - ERROR - while finding board undefined | Error: Argument passed in must be a single String of 12 bytes or a string of 24 hex characters (sid: DHT97zgGbazXTJdJLjZp4QX4rmQQ1Zlh)
4/1/2022, 12:03:10 PM - ERROR - Failed to get board | Error: Argument passed in must be a single String of 12 bytes or a string of 24 hex characters (sid: DHT97zgGbazXTJdJLjZp4QX4rmQQ1Zlh)
4/1/2022, 12:03:58 PM - ERROR - while finding board undefined | Error: Argument passed in must be a single String of 12 bytes or a string of 24 hex characters (sid: DHT97zgGbazXTJdJLjZp4QX4rmQQ1Zlh)
4/1/2022, 12:03:58 PM - ERROR - Failed to get board | Error: Argument passed in must be a single String of 12 bytes or a string of 24 hex characters (sid: DHT97zgGbazXTJdJLjZp4QX4rmQQ1Zlh)
4/1/2022, 12:04:06 PM - ERROR - while finding board undefined | Error: Argument passed in must be a single String of 12 bytes or a string of 24 hex characters (sid: DHT97zgGbazXTJdJLjZp4QX4rmQQ1Zlh)
4/1/2022, 12:04:06 PM - ERROR - Failed to get board | Error: Argument passed in must be a single String of 12 bytes or a string of 24 hex characters (sid: DHT97zgGbazXTJdJLjZp4QX4rmQQ1Zlh)
4/1/2022, 12:05:29 PM - ERROR - while finding board undefined | Error: Argument passed in must be a single String of 12 bytes or a string of 24 hex characters (sid: DHT97zgGbazXTJdJLjZp4QX4rmQQ1Zlh)
4/1/2022, 12:05:29 PM - ERROR - Failed to get board | Error: Argument passed in must be a single String of 12 bytes or a string of 24 hex characters (sid: DHT97zgGbazXTJdJLjZp4QX4rmQQ1Zlh)
4/1/2022, 12:19:36 PM - ERROR - while finding board undefined | Error: Argument passed in must be a single String of 12 bytes or a string of 24 hex characters (sid: DHT97zgGbazXTJdJLjZp4QX4rmQQ1Zlh)
4/1/2022, 12:19:36 PM - ERROR - Failed to get board | Error: Argument passed in must be a single String of 12 bytes or a string of 24 hex characters (sid: DHT97zgGbazXTJdJLjZp4QX4rmQQ1Zlh)
4/1/2022, 12:21:55 PM - ERROR - while finding board undefined | Error: Argument passed in must be a single String of 12 bytes or a string of 24 hex characters (sid: DHT97zgGbazXTJdJLjZp4QX4rmQQ1Zlh)
4/1/2022, 12:21:55 PM - ERROR - Failed to get board | Error: Argument passed in must be a single String of 12 bytes or a string of 24 hex characters (sid: DHT97zgGbazXTJdJLjZp4QX4rmQQ1Zlh)
4/1/2022, 12:22:41 PM - ERROR - while finding board undefined | Error: Argument passed in must be a single String of 12 bytes or a string of 24 hex characters (sid: DHT97zgGbazXTJdJLjZp4QX4rmQQ1Zlh)
4/1/2022, 12:22:41 PM - ERROR - Failed to get board | Error: Argument passed in must be a single String of 12 bytes or a string of 24 hex characters (sid: DHT97zgGbazXTJdJLjZp4QX4rmQQ1Zlh)
4/1/2022, 12:23:21 PM - ERROR - while finding board undefined | Error: Argument passed in must be a single String of 12 bytes or a string of 24 hex characters (sid: DHT97zgGbazXTJdJLjZp4QX4rmQQ1Zlh)
4/1/2022, 12:23:21 PM - ERROR - Failed to get board | Error: Argument passed in must be a single String of 12 bytes or a string of 24 hex characters (sid: DHT97zgGbazXTJdJLjZp4QX4rmQQ1Zlh)
4/1/2022, 12:27:18 PM - ERROR - while finding board undefined | Error: Argument passed in must be a single String of 12 bytes or a string of 24 hex characters (sid: DHT97zgGbazXTJdJLjZp4QX4rmQQ1Zlh)
4/1/2022, 12:27:18 PM - ERROR - Failed to get board | Error: Argument passed in must be a single String of 12 bytes or a string of 24 hex characters (sid: DHT97zgGbazXTJdJLjZp4QX4rmQQ1Zlh)
4/1/2022, 12:28:32 PM - ERROR - while finding board undefined | Error: Argument passed in must be a single String of 12 bytes or a string of 24 hex characters (sid: DHT97zgGbazXTJdJLjZp4QX4rmQQ1Zlh)
4/1/2022, 12:28:32 PM - ERROR - Failed to get board | Error: Argument passed in must be a single String of 12 bytes or a string of 24 hex characters (sid: DHT97zgGbazXTJdJLjZp4QX4rmQQ1Zlh)
4/1/2022, 12:34:23 PM - ERROR - while finding board undefined | Error: Argument passed in must be a single String of 12 bytes or a string of 24 hex characters (sid: DHT97zgGbazXTJdJLjZp4QX4rmQQ1Zlh)
4/1/2022, 12:34:23 PM - ERROR - Failed to get board | Error: Argument passed in must be a single String of 12 bytes or a string of 24 hex characters (sid: DHT97zgGbazXTJdJLjZp4QX4rmQQ1Zlh)
4/1/2022, 12:34:41 PM - ERROR - while finding board undefined | Error: Argument passed in must be a single String of 12 bytes or a string of 24 hex characters (sid: DHT97zgGbazXTJdJLjZp4QX4rmQQ1Zlh)
4/1/2022, 12:34:41 PM - ERROR - Failed to get board | Error: Argument passed in must be a single String of 12 bytes or a string of 24 hex characters (sid: DHT97zgGbazXTJdJLjZp4QX4rmQQ1Zlh)
4/1/2022, 12:35:34 PM - ERROR - while finding board undefined | Error: Argument passed in must be a single String of 12 bytes or a string of 24 hex characters (sid: DHT97zgGbazXTJdJLjZp4QX4rmQQ1Zlh)
4/1/2022, 12:35:34 PM - ERROR - Failed to get board | Error: Argument passed in must be a single String of 12 bytes or a string of 24 hex characters (sid: DHT97zgGbazXTJdJLjZp4QX4rmQQ1Zlh)
4/1/2022, 12:35:52 PM - ERROR - while finding board undefined | Error: Argument passed in must be a single String of 12 bytes or a string of 24 hex characters (sid: DHT97zgGbazXTJdJLjZp4QX4rmQQ1Zlh)
4/1/2022, 12:35:52 PM - ERROR - Failed to get board | Error: Argument passed in must be a single String of 12 bytes or a string of 24 hex characters (sid: DHT97zgGbazXTJdJLjZp4QX4rmQQ1Zlh)
4/1/2022, 12:36:41 PM - ERROR - while finding board undefined | Error: Argument passed in must be a single String of 12 bytes or a string of 24 hex characters (sid: DHT97zgGbazXTJdJLjZp4QX4rmQQ1Zlh)
4/1/2022, 12:36:41 PM - ERROR - Failed to get board | Error: Argument passed in must be a single String of 12 bytes or a string of 24 hex characters (sid: DHT97zgGbazXTJdJLjZp4QX4rmQQ1Zlh)
4/1/2022, 12:37:22 PM - ERROR - while finding board undefined | Error: Argument passed in must be a single String of 12 bytes or a string of 24 hex characters (sid: DHT97zgGbazXTJdJLjZp4QX4rmQQ1Zlh)
4/1/2022, 12:37:22 PM - ERROR - Failed to get board | Error: Argument passed in must be a single String of 12 bytes or a string of 24 hex characters (sid: DHT97zgGbazXTJdJLjZp4QX4rmQQ1Zlh)
4/1/2022, 12:38:12 PM - ERROR - while finding board undefined | Error: Argument passed in must be a single String of 12 bytes or a string of 24 hex characters (sid: DHT97zgGbazXTJdJLjZp4QX4rmQQ1Zlh)
4/1/2022, 12:38:12 PM - ERROR - Failed to get board | Error: Argument passed in must be a single String of 12 bytes or a string of 24 hex characters (sid: DHT97zgGbazXTJdJLjZp4QX4rmQQ1Zlh)
4/1/2022, 12:44:32 PM - ERROR - while finding board undefined | Error: Argument passed in must be a single String of 12 bytes or a string of 24 hex characters (sid: DHT97zgGbazXTJdJLjZp4QX4rmQQ1Zlh)
4/1/2022, 12:44:32 PM - ERROR - Failed to get board | Error: Argument passed in must be a single String of 12 bytes or a string of 24 hex characters (sid: DHT97zgGbazXTJdJLjZp4QX4rmQQ1Zlh)
4/1/2022, 12:44:53 PM - ERROR - while finding board undefined | Error: Argument passed in must be a single String of 12 bytes or a string of 24 hex characters (sid: DHT97zgGbazXTJdJLjZp4QX4rmQQ1Zlh)
4/1/2022, 12:44:53 PM - ERROR - Failed to get board | Error: Argument passed in must be a single String of 12 bytes or a string of 24 hex characters (sid: DHT97zgGbazXTJdJLjZp4QX4rmQQ1Zlh)
4/1/2022, 12:45:37 PM - ERROR - while finding board undefined | Error: Argument passed in must be a single String of 12 bytes or a string of 24 hex characters (sid: DHT97zgGbazXTJdJLjZp4QX4rmQQ1Zlh)
4/1/2022, 12:45:37 PM - ERROR - Failed to get board | Error: Argument passed in must be a single String of 12 bytes or a string of 24 hex characters (sid: DHT97zgGbazXTJdJLjZp4QX4rmQQ1Zlh)
4/1/2022, 12:45:47 PM - ERROR - while finding board undefined | Error: Argument passed in must be a single String of 12 bytes or a string of 24 hex characters (sid: DHT97zgGbazXTJdJLjZp4QX4rmQQ1Zlh)
4/1/2022, 12:45:47 PM - ERROR - Failed to get board | Error: Argument passed in must be a single String of 12 bytes or a string of 24 hex characters (sid: DHT97zgGbazXTJdJLjZp4QX4rmQQ1Zlh)
4/1/2022, 12:48:29 PM - ERROR - while finding board undefined | Error: Argument passed in must be a single String of 12 bytes or a string of 24 hex characters (sid: DHT97zgGbazXTJdJLjZp4QX4rmQQ1Zlh)
4/1/2022, 12:48:29 PM - ERROR - Failed to get board | Error: Argument passed in must be a single String of 12 bytes or a string of 24 hex characters (sid: DHT97zgGbazXTJdJLjZp4QX4rmQQ1Zlh)
4/1/2022, 12:48:50 PM - ERROR - while finding board undefined | Error: Argument passed in must be a single String of 12 bytes or a string of 24 hex characters (sid: DHT97zgGbazXTJdJLjZp4QX4rmQQ1Zlh)
4/1/2022, 12:48:50 PM - ERROR - Failed to get board | Error: Argument passed in must be a single String of 12 bytes or a string of 24 hex characters (sid: DHT97zgGbazXTJdJLjZp4QX4rmQQ1Zlh)
4/1/2022, 12:51:50 PM - ERROR - while finding board undefined | Error: Argument passed in must be a single String of 12 bytes or a string of 24 hex characters (sid: DHT97zgGbazXTJdJLjZp4QX4rmQQ1Zlh)
4/1/2022, 12:51:50 PM - ERROR - Failed to get board | Error: Argument passed in must be a single String of 12 bytes or a string of 24 hex characters (sid: DHT97zgGbazXTJdJLjZp4QX4rmQQ1Zlh)
4/1/2022, 4:49:47 PM - ERROR - while finding board undefined | Error: Argument passed in must be a single String of 12 bytes or a string of 24 hex characters (sid: DHT97zgGbazXTJdJLjZp4QX4rmQQ1Zlh)
4/1/2022, 4:49:47 PM - ERROR - Failed to get board | Error: Argument passed in must be a single String of 12 bytes or a string of 24 hex characters (sid: DHT97zgGbazXTJdJLjZp4QX4rmQQ1Zlh)
4/1/2022, 5:01:36 PM - ERROR - while finding board undefined | Error: Argument passed in must be a single String of 12 bytes or a string of 24 hex characters (sid: DHT97zgGbazXTJdJLjZp4QX4rmQQ1Zlh)
4/1/2022, 5:01:36 PM - ERROR - Failed to get board | Error: Argument passed in must be a single String of 12 bytes or a string of 24 hex characters (sid: DHT97zgGbazXTJdJLjZp4QX4rmQQ1Zlh)
4/1/2022, 5:02:33 PM - ERROR - while finding board undefined | Error: Argument passed in must be a single String of 12 bytes or a string of 24 hex characters (sid: DHT97zgGbazXTJdJLjZp4QX4rmQQ1Zlh)
4/1/2022, 5:02:33 PM - ERROR - Failed to get board | Error: Argument passed in must be a single String of 12 bytes or a string of 24 hex characters (sid: DHT97zgGbazXTJdJLjZp4QX4rmQQ1Zlh)
4/1/2022, 5:04:02 PM - ERROR - while finding board undefined | Error: Argument passed in must be a single String of 12 bytes or a string of 24 hex characters (sid: DHT97zgGbazXTJdJLjZp4QX4rmQQ1Zlh)
4/1/2022, 5:04:02 PM - ERROR - Failed to get board | Error: Argument passed in must be a single String of 12 bytes or a string of 24 hex characters (sid: DHT97zgGbazXTJdJLjZp4QX4rmQQ1Zlh)
4/1/2022, 5:06:15 PM - ERROR - while finding board undefined | Error: Argument passed in must be a single String of 12 bytes or a string of 24 hex characters (sid: DHT97zgGbazXTJdJLjZp4QX4rmQQ1Zlh)
4/1/2022, 5:06:15 PM - ERROR - Failed to get board | Error: Argument passed in must be a single String of 12 bytes or a string of 24 hex characters (sid: DHT97zgGbazXTJdJLjZp4QX4rmQQ1Zlh)
4/1/2022, 5:07:49 PM - ERROR - while finding board undefined | Error: Argument passed in must be a single String of 12 bytes or a string of 24 hex characters (sid: DHT97zgGbazXTJdJLjZp4QX4rmQQ1Zlh)
4/1/2022, 5:07:49 PM - ERROR - Failed to get board | Error: Argument passed in must be a single String of 12 bytes or a string of 24 hex characters (sid: DHT97zgGbazXTJdJLjZp4QX4rmQQ1Zlh)
4/1/2022, 5:36:36 PM - ERROR - while finding board undefined | Error: Argument passed in must be a single String of 12 bytes or a string of 24 hex characters (sid: DHT97zgGbazXTJdJLjZp4QX4rmQQ1Zlh)
4/1/2022, 5:36:36 PM - ERROR - Failed to get board | Error: Argument passed in must be a single String of 12 bytes or a string of 24 hex characters (sid: DHT97zgGbazXTJdJLjZp4QX4rmQQ1Zlh)
4/1/2022, 5:39:40 PM - ERROR - while finding board undefined | Error: Argument passed in must be a single String of 12 bytes or a string of 24 hex characters (sid: DHT97zgGbazXTJdJLjZp4QX4rmQQ1Zlh)
4/1/2022, 5:39:40 PM - ERROR - Failed to get board | Error: Argument passed in must be a single String of 12 bytes or a string of 24 hex characters (sid: DHT97zgGbazXTJdJLjZp4QX4rmQQ1Zlh)
4/1/2022, 5:40:09 PM - ERROR - while finding board undefined | Error: Argument passed in must be a single String of 12 bytes or a string of 24 hex characters (sid: DHT97zgGbazXTJdJLjZp4QX4rmQQ1Zlh)
4/1/2022, 5:40:09 PM - ERROR - Failed to get board | Error: Argument passed in must be a single String of 12 bytes or a string of 24 hex characters (sid: DHT97zgGbazXTJdJLjZp4QX4rmQQ1Zlh)
4/1/2022, 5:41:39 PM - DEBUG - auth.service - login with email: lamaMahakata@gmail.com (sid: DHT97zgGbazXTJdJLjZp4QX4rmQQ1Zlh)
4/1/2022, 5:41:39 PM - ERROR - Failed to Login Invalid email or password (sid: DHT97zgGbazXTJdJLjZp4QX4rmQQ1Zlh)
4/1/2022, 5:41:41 PM - DEBUG - auth.service - login with email: lamaMahakata@gmail.com (sid: DHT97zgGbazXTJdJLjZp4QX4rmQQ1Zlh)
4/1/2022, 5:41:41 PM - ERROR - Failed to Login Invalid email or password (sid: DHT97zgGbazXTJdJLjZp4QX4rmQQ1Zlh)
4/1/2022, 5:41:42 PM - DEBUG - auth.service - login with email: lamaMahakata@gmail.com (sid: DHT97zgGbazXTJdJLjZp4QX4rmQQ1Zlh)
4/1/2022, 5:41:42 PM - ERROR - Failed to Login Invalid email or password (sid: DHT97zgGbazXTJdJLjZp4QX4rmQQ1Zlh)
4/1/2022, 5:41:55 PM - DEBUG - auth.service - signup with username: Lama Mahakta, email: bobo@gmail.com (sid: DHT97zgGbazXTJdJLjZp4QX4rmQQ1Zlh)
4/1/2022, 5:41:55 PM - DEBUG - auth.route - new account created: {"username":"Lama Mahakta","password":"$2b$10$XQW3XU.dHzzCo0z6mfAseuobfRyu5ax350EvvK9W7I1NSxnJUrPqy","email":"bobo@gmail.com","isAdmin":false,"imgUrl":"https://encrypted-tbn0.gstatic.com/images?q=tbn:ANd9GcTw6gPdTJZBPtbYx3HAuVX5yVanr0fMp18qnw&usqp=CAU","_id":"62470f3347de7a74bf376f33"} (sid: DHT97zgGbazXTJdJLjZp4QX4rmQQ1Zlh)
4/1/2022, 5:41:55 PM - DEBUG - auth.service - login with email: bobo@gmail.com (sid: DHT97zgGbazXTJdJLjZp4QX4rmQQ1Zlh)
4/1/2022, 5:42:15 PM - DEBUG - auth.service - signup with username: tablero hagever, email: yoooo@gmail.com (sid: DHT97zgGbazXTJdJLjZp4QX4rmQQ1Zlh)
4/1/2022, 5:42:15 PM - DEBUG - auth.route - new account created: {"username":"tablero hagever","password":"$2b$10$vVtH8s9zgUrbzJHh1mtEd.n/QGjShzVqRk8BVzueSzrK6HseccePy","email":"yoooo@gmail.com","isAdmin":false,"imgUrl":"https://encrypted-tbn0.gstatic.com/images?q=tbn:ANd9GcTw6gPdTJZBPtbYx3HAuVX5yVanr0fMp18qnw&usqp=CAU","_id":"62470f4747de7a74bf376f35"} (sid: DHT97zgGbazXTJdJLjZp4QX4rmQQ1Zlh)
4/1/2022, 5:42:15 PM - DEBUG - auth.service - login with email: yoooo@gmail.com (sid: DHT97zgGbazXTJdJLjZp4QX4rmQQ1Zlh)
4/1/2022, 5:42:39 PM - DEBUG - auth.service - signup with username: Etzteti Boi, email: asdjk@gmail.com (sid: DHT97zgGbazXTJdJLjZp4QX4rmQQ1Zlh)
4/1/2022, 5:42:39 PM - DEBUG - auth.route - new account created: {"username":"Etzteti Boi","password":"$2b$10$kHpD6LkGIgeqqEdxQtnCOeGbGOedMuea6eYPMr0/yyBZcZ.WFq/xW","email":"asdjk@gmail.com","isAdmin":false,"imgUrl":"https://encrypted-tbn0.gstatic.com/images?q=tbn:ANd9GcTw6gPdTJZBPtbYx3HAuVX5yVanr0fMp18qnw&usqp=CAU","_id":"62470f5f47de7a74bf376f37"} (sid: DHT97zgGbazXTJdJLjZp4QX4rmQQ1Zlh)
4/1/2022, 5:42:39 PM - DEBUG - auth.service - login with email: asdjk@gmail.com (sid: DHT97zgGbazXTJdJLjZp4QX4rmQQ1Zlh)
4/1/2022, 5:43:03 PM - DEBUG - auth.service - signup with username: Zayan Al 69, email: mezayen@walla.co.il (sid: DHT97zgGbazXTJdJLjZp4QX4rmQQ1Zlh)
4/1/2022, 5:43:03 PM - DEBUG - auth.route - new account created: {"username":"Zayan Al 69","password":"$2b$10$G3sUJfYRllJJctVBDZ1HdePOgj/H6/5lYyuPJAb91Rpab7UVhN826","email":"mezayen@walla.co.il","isAdmin":false,"imgUrl":"https://encrypted-tbn0.gstatic.com/images?q=tbn:ANd9GcTw6gPdTJZBPtbYx3HAuVX5yVanr0fMp18qnw&usqp=CAU","_id":"62470f7747de7a74bf376f39"} (sid: DHT97zgGbazXTJdJLjZp4QX4rmQQ1Zlh)
4/1/2022, 5:43:03 PM - DEBUG - auth.service - login with email: mezayen@walla.co.il (sid: DHT97zgGbazXTJdJLjZp4QX4rmQQ1Zlh)
4/1/2022, 5:43:27 PM - DEBUG - auth.service - signup with username: Yeled Kafot , email: mekufkaf@nana10.co.il (sid: DHT97zgGbazXTJdJLjZp4QX4rmQQ1Zlh)
4/1/2022, 5:43:27 PM - DEBUG - auth.route - new account created: {"username":"Yeled Kafot ","password":"$2b$10$I/LLn0BI2pVEjDZRXtOgoeClpo1w89.D4UnEG0i/z6z5kdTi3iffS","email":"mekufkaf@nana10.co.il","isAdmin":false,"imgUrl":"https://encrypted-tbn0.gstatic.com/images?q=tbn:ANd9GcTw6gPdTJZBPtbYx3HAuVX5yVanr0fMp18qnw&usqp=CAU","_id":"62470f8f47de7a74bf376f3b"} (sid: DHT97zgGbazXTJdJLjZp4QX4rmQQ1Zlh)
4/1/2022, 5:43:27 PM - DEBUG - auth.service - login with email: mekufkaf@nana10.co.il (sid: DHT97zgGbazXTJdJLjZp4QX4rmQQ1Zlh)
4/1/2022, 5:43:30 PM - DEBUG - auth.service - signup with username: Yeled Kafot , email: mekufkaf@nana10.co.il (sid: DHT97zgGbazXTJdJLjZp4QX4rmQQ1Zlh)
4/1/2022, 5:43:30 PM - ERROR - Failed to signup Email or User is already used! (sid: DHT97zgGbazXTJdJLjZp4QX4rmQQ1Zlh)
4/1/2022, 5:43:32 PM - DEBUG - auth.service - signup with username: Yeled Kafot , email: mekufkaf@nana10.co.il (sid: DHT97zgGbazXTJdJLjZp4QX4rmQQ1Zlh)
4/1/2022, 5:43:33 PM - ERROR - Failed to signup Email or User is already used! (sid: DHT97zgGbazXTJdJLjZp4QX4rmQQ1Zlh)
4/1/2022, 5:43:33 PM - DEBUG - auth.service - signup with username: Yeled Kafot , email: mekufkaf@nana10.co.il (sid: DHT97zgGbazXTJdJLjZp4QX4rmQQ1Zlh)
4/1/2022, 5:43:33 PM - DEBUG - auth.service - signup with username: Yeled Kafot , email: mekufkaf@nana10.co.il (sid: DHT97zgGbazXTJdJLjZp4QX4rmQQ1Zlh)
4/1/2022, 5:43:33 PM - ERROR - Failed to signup Email or User is already used! (sid: DHT97zgGbazXTJdJLjZp4QX4rmQQ1Zlh)
4/1/2022, 5:43:33 PM - ERROR - Failed to signup Email or User is already used! (sid: DHT97zgGbazXTJdJLjZp4QX4rmQQ1Zlh)
4/1/2022, 5:43:36 PM - DEBUG - auth.service - signup with username: Yeled Kafot , email: mekufkaf@nana10.co.il (sid: DHT97zgGbazXTJdJLjZp4QX4rmQQ1Zlh)
4/1/2022, 5:43:36 PM - DEBUG - auth.service - signup with username: Yeled Kafot , email: mekufkaf@nana10.co.il (sid: DHT97zgGbazXTJdJLjZp4QX4rmQQ1Zlh)
4/1/2022, 5:43:36 PM - ERROR - Failed to signup Email or User is already used! (sid: DHT97zgGbazXTJdJLjZp4QX4rmQQ1Zlh)
4/1/2022, 5:43:37 PM - DEBUG - auth.service - signup with username: Yeled Kafot , email: mekufkaf@nana10.co.il (sid: DHT97zgGbazXTJdJLjZp4QX4rmQQ1Zlh)
4/1/2022, 5:43:37 PM - ERROR - Failed to signup Email or User is already used! (sid: DHT97zgGbazXTJdJLjZp4QX4rmQQ1Zlh)
4/1/2022, 5:43:37 PM - ERROR - Failed to signup Email or User is already used! (sid: DHT97zgGbazXTJdJLjZp4QX4rmQQ1Zlh)
4/1/2022, 5:44:15 PM - DEBUG - auth.service - signup with username: Tupak Shakur, email: ImAlive@netvision.co.il (sid: DHT97zgGbazXTJdJLjZp4QX4rmQQ1Zlh)
4/1/2022, 5:44:15 PM - DEBUG - auth.route - new account created: {"username":"Tupak Shakur","password":"$2b$10$LEsoBYusxgkor9Pa45Epy.wjtKIV2q71KC0rWZUWu3fMa0l.ENb32","email":"ImAlive@netvision.co.il","isAdmin":false,"imgUrl":"https://encrypted-tbn0.gstatic.com/images?q=tbn:ANd9GcTw6gPdTJZBPtbYx3HAuVX5yVanr0fMp18qnw&usqp=CAU","_id":"62470fbf47de7a74bf376f3d"} (sid: DHT97zgGbazXTJdJLjZp4QX4rmQQ1Zlh)
4/1/2022, 5:44:15 PM - DEBUG - auth.service - login with email: ImAlive@netvision.co.il (sid: DHT97zgGbazXTJdJLjZp4QX4rmQQ1Zlh)
4/1/2022, 5:44:17 PM - DEBUG - auth.service - signup with username: Tupak Shakur, email: ImAlive@netvision.co.il (sid: DHT97zgGbazXTJdJLjZp4QX4rmQQ1Zlh)
4/1/2022, 5:44:17 PM - DEBUG - auth.service - signup with username: Tupak Shakur, email: ImAlive@netvision.co.il (sid: DHT97zgGbazXTJdJLjZp4QX4rmQQ1Zlh)
4/1/2022, 5:44:17 PM - ERROR - Failed to signup Email or User is already used! (sid: DHT97zgGbazXTJdJLjZp4QX4rmQQ1Zlh)
4/1/2022, 5:44:17 PM - DEBUG - auth.service - signup with username: Tupak Shakur, email: ImAlive@netvision.co.il (sid: DHT97zgGbazXTJdJLjZp4QX4rmQQ1Zlh)
4/1/2022, 5:44:17 PM - ERROR - Failed to signup Email or User is already used! (sid: DHT97zgGbazXTJdJLjZp4QX4rmQQ1Zlh)
4/1/2022, 5:44:17 PM - DEBUG - auth.service - signup with username: Tupak Shakur, email: ImAlive@netvision.co.il (sid: DHT97zgGbazXTJdJLjZp4QX4rmQQ1Zlh)
4/1/2022, 5:44:17 PM - ERROR - Failed to signup Email or User is already used! (sid: DHT97zgGbazXTJdJLjZp4QX4rmQQ1Zlh)
4/1/2022, 5:44:17 PM - DEBUG - auth.service - signup with username: Tupak Shakur, email: ImAlive@netvision.co.il (sid: DHT97zgGbazXTJdJLjZp4QX4rmQQ1Zlh)
4/1/2022, 5:44:17 PM - ERROR - Failed to signup Email or User is already used! (sid: DHT97zgGbazXTJdJLjZp4QX4rmQQ1Zlh)
4/1/2022, 5:44:17 PM - DEBUG - auth.service - signup with username: Tupak Shakur, email: ImAlive@netvision.co.il (sid: DHT97zgGbazXTJdJLjZp4QX4rmQQ1Zlh)
4/1/2022, 5:44:18 PM - ERROR - Failed to signup Email or User is already used! (sid: DHT97zgGbazXTJdJLjZp4QX4rmQQ1Zlh)
4/1/2022, 5:44:18 PM - ERROR - Failed to signup Email or User is already used! (sid: DHT97zgGbazXTJdJLjZp4QX4rmQQ1Zlh)
4/1/2022, 5:44:32 PM - DEBUG - auth.service - login with email: kooshtal@gmail.com (sid: DHT97zgGbazXTJdJLjZp4QX4rmQQ1Zlh)
4/1/2022, 5:44:32 PM - ERROR - Failed to Login Invalid email or password (sid: DHT97zgGbazXTJdJLjZp4QX4rmQQ1Zlh)
4/1/2022, 5:44:33 PM - DEBUG - auth.service - login with email: kooshtal@gmail.com (sid: DHT97zgGbazXTJdJLjZp4QX4rmQQ1Zlh)
4/1/2022, 5:44:33 PM - ERROR - Failed to Login Invalid email or password (sid: DHT97zgGbazXTJdJLjZp4QX4rmQQ1Zlh)
4/1/2022, 5:44:33 PM - DEBUG - auth.service - login with email: kooshtal@gmail.com (sid: DHT97zgGbazXTJdJLjZp4QX4rmQQ1Zlh)
4/1/2022, 5:44:33 PM - ERROR - Failed to Login Invalid email or password (sid: DHT97zgGbazXTJdJLjZp4QX4rmQQ1Zlh)
4/1/2022, 5:44:34 PM - DEBUG - auth.service - login with email: kooshtal@gmail.com (sid: DHT97zgGbazXTJdJLjZp4QX4rmQQ1Zlh)
4/1/2022, 5:44:34 PM - ERROR - Failed to Login Invalid email or password (sid: DHT97zgGbazXTJdJLjZp4QX4rmQQ1Zlh)
4/1/2022, 5:44:34 PM - DEBUG - auth.service - login with email: kooshtal@gmail.com (sid: DHT97zgGbazXTJdJLjZp4QX4rmQQ1Zlh)
4/1/2022, 5:44:35 PM - ERROR - Failed to Login Invalid email or password (sid: DHT97zgGbazXTJdJLjZp4QX4rmQQ1Zlh)
4/1/2022, 5:44:35 PM - DEBUG - auth.service - login with email: kooshtal@gmail.com (sid: DHT97zgGbazXTJdJLjZp4QX4rmQQ1Zlh)
4/1/2022, 5:44:35 PM - ERROR - Failed to Login Invalid email or password (sid: DHT97zgGbazXTJdJLjZp4QX4rmQQ1Zlh)
4/1/2022, 5:44:52 PM - DEBUG - auth.service - login with email: kooshtal@gmail.com (sid: DHT97zgGbazXTJdJLjZp4QX4rmQQ1Zlh)
4/1/2022, 5:44:52 PM - ERROR - Failed to Login Invalid email or password (sid: DHT97zgGbazXTJdJLjZp4QX4rmQQ1Zlh)
4/1/2022, 5:44:56 PM - DEBUG - auth.service - login with email: kooshtal@gmail.com (sid: DHT97zgGbazXTJdJLjZp4QX4rmQQ1Zlh)
4/1/2022, 5:44:56 PM - ERROR - Failed to Login Invalid email or password (sid: DHT97zgGbazXTJdJLjZp4QX4rmQQ1Zlh)
4/1/2022, 5:44:56 PM - DEBUG - auth.service - login with email: kooshtal@gmail.com (sid: DHT97zgGbazXTJdJLjZp4QX4rmQQ1Zlh)
4/1/2022, 5:44:56 PM - ERROR - Failed to Login Invalid email or password (sid: DHT97zgGbazXTJdJLjZp4QX4rmQQ1Zlh)
4/1/2022, 5:44:57 PM - DEBUG - auth.service - login with email: kooshtal@gmail.com (sid: DHT97zgGbazXTJdJLjZp4QX4rmQQ1Zlh)
4/1/2022, 5:44:57 PM - ERROR - Failed to Login Invalid email or password (sid: DHT97zgGbazXTJdJLjZp4QX4rmQQ1Zlh)
4/1/2022, 5:45:26 PM - DEBUG - auth.service - login with email: kooshtal@gmail.com (sid: DHT97zgGbazXTJdJLjZp4QX4rmQQ1Zlh)
4/1/2022, 5:45:26 PM - ERROR - Failed to Login Invalid email or password (sid: DHT97zgGbazXTJdJLjZp4QX4rmQQ1Zlh)
4/1/2022, 5:45:50 PM - DEBUG - auth.service - signup with username: Tal Koosh, email: kooshtal@gmail.com (sid: DHT97zgGbazXTJdJLjZp4QX4rmQQ1Zlh)
4/1/2022, 5:45:51 PM - DEBUG - auth.route - new account created: {"username":"Tal Koosh","password":"$2b$10$EYho6fTqZbtMJZof66vLpunPl/5Xu8EmdTep7FpaZOBXwP9fEUluS","email":"kooshtal@gmail.com","isAdmin":false,"imgUrl":"https://encrypted-tbn0.gstatic.com/images?q=tbn:ANd9GcTw6gPdTJZBPtbYx3HAuVX5yVanr0fMp18qnw&usqp=CAU","_id":"6247101f47de7a74bf376f3f"} (sid: DHT97zgGbazXTJdJLjZp4QX4rmQQ1Zlh)
4/1/2022, 5:45:51 PM - DEBUG - auth.service - login with email: kooshtal@gmail.com (sid: DHT97zgGbazXTJdJLjZp4QX4rmQQ1Zlh)
4/1/2022, 5:56:51 PM - ERROR - while finding board undefined | Error: Argument passed in must be a single String of 12 bytes or a string of 24 hex characters (sid: DHT97zgGbazXTJdJLjZp4QX4rmQQ1Zlh)
4/1/2022, 5:56:51 PM - ERROR - Failed to get board | Error: Argument passed in must be a single String of 12 bytes or a string of 24 hex characters (sid: DHT97zgGbazXTJdJLjZp4QX4rmQQ1Zlh)
4/1/2022, 5:59:46 PM - DEBUG - auth.service - login with email: kooshtal@gmail.com (sid: DHT97zgGbazXTJdJLjZp4QX4rmQQ1Zlh)
4/1/2022, 7:02:59 PM - ERROR - while finding board undefined | Error: Argument passed in must be a single String of 12 bytes or a string of 24 hex characters (sid: DHT97zgGbazXTJdJLjZp4QX4rmQQ1Zlh)
4/1/2022, 7:02:59 PM - ERROR - Failed to get board | Error: Argument passed in must be a single String of 12 bytes or a string of 24 hex characters (sid: DHT97zgGbazXTJdJLjZp4QX4rmQQ1Zlh)
4/2/2022, 11:34:45 AM - DEBUG - auth.service - login with email: kooshtal@gmail.com (sid: mFMtv5hIanEcGP2vBWUr0EzSM0ZHU6kr)
4/2/2022, 12:50:36 PM - DEBUG - auth.service - login with email: benisayev@gmail.com (sid: mFMtv5hIanEcGP2vBWUr0EzSM0ZHU6kr)
4/2/2022, 1:23:39 PM - ERROR - while finding board undefined | Error: Argument passed in must be a single String of 12 bytes or a string of 24 hex characters (sid: mFMtv5hIanEcGP2vBWUr0EzSM0ZHU6kr)
4/2/2022, 1:23:39 PM - ERROR - Failed to get board | Error: Argument passed in must be a single String of 12 bytes or a string of 24 hex characters (sid: mFMtv5hIanEcGP2vBWUr0EzSM0ZHU6kr)
4/3/2022, 9:03:29 AM - DEBUG - auth.service - login with email: kooshtal@gmail.com (sid: mFMtv5hIanEcGP2vBWUr0EzSM0ZHU6kr)
4/3/2022, 3:11:18 PM - INFO - Server is running on port: 3030 
4/3/2022, 3:11:31 PM - DEBUG - auth.service - login with email: kooshtal@gmail.com (sid: Ki16krPuEALwnTqJYth7BSy7llNiLwdA)
4/3/2022, 3:11:32 PM - DEBUG - auth.service - login with email: kooshtal@gmail.com (sid: Ki16krPuEALwnTqJYth7BSy7llNiLwdA)
4/3/2022, 3:11:35 PM - DEBUG - auth.service - login with email: kooshtal@gmail.com (sid: Ki16krPuEALwnTqJYth7BSy7llNiLwdA)
4/3/2022, 3:11:35 PM - DEBUG - auth.service - login with email: kooshtal@gmail.com (sid: Ki16krPuEALwnTqJYth7BSy7llNiLwdA)
4/3/2022, 3:16:33 PM - DEBUG - auth.service - login with email: benisayev@gmail.com (sid: Ki16krPuEALwnTqJYth7BSy7llNiLwdA)
4/3/2022, 3:23:56 PM - ERROR - while finding board undefined | Error: Argument passed in must be a single String of 12 bytes or a string of 24 hex characters (sid: Ki16krPuEALwnTqJYth7BSy7llNiLwdA)
4/3/2022, 3:23:56 PM - ERROR - Failed to get board | Error: Argument passed in must be a single String of 12 bytes or a string of 24 hex characters (sid: Ki16krPuEALwnTqJYth7BSy7llNiLwdA)
4/3/2022, 3:24:05 PM - INFO - Server is running on port: 3030 
4/3/2022, 3:24:15 PM - DEBUG - auth.service - login with email: benisayev@gmail.com (sid: lKUOh3Kt_aWoIO0gIV_JeGRoEF9Hpz5P)
4/3/2022, 3:24:16 PM - DEBUG - auth.service - login with email: benisayev@gmail.com (sid: lKUOh3Kt_aWoIO0gIV_JeGRoEF9Hpz5P)
4/3/2022, 3:24:26 PM - DEBUG - auth.service - login with email: benisayev@gmail.com (sid: lKUOh3Kt_aWoIO0gIV_JeGRoEF9Hpz5P)
4/3/2022, 3:30:05 PM - INFO - Server is running on port: 3030 
4/3/2022, 3:30:16 PM - DEBUG - auth.service - login with email: benisayev@gmail.com (sid: zrNc2zj41FmA0TZKvksQbyTxj8cOidRa)
4/3/2022, 3:30:17 PM - DEBUG - auth.service - login with email: benisayev@gmail.com (sid: zrNc2zj41FmA0TZKvksQbyTxj8cOidRa)
4/3/2022, 3:30:17 PM - DEBUG - auth.service - login with email: benisayev@gmail.com (sid: zrNc2zj41FmA0TZKvksQbyTxj8cOidRa)
4/3/2022, 3:30:18 PM - DEBUG - auth.service - login with email: benisayev@gmail.com (sid: zrNc2zj41FmA0TZKvksQbyTxj8cOidRa)
4/3/2022, 3:30:18 PM - DEBUG - auth.service - login with email: benisayev@gmail.com (sid: zrNc2zj41FmA0TZKvksQbyTxj8cOidRa)
4/3/2022, 3:30:23 PM - DEBUG - auth.service - login with email: benisayev@gmail.com (sid: zrNc2zj41FmA0TZKvksQbyTxj8cOidRa)
4/3/2022, 3:30:24 PM - DEBUG - auth.service - login with email: benisayev@gmail.com (sid: zrNc2zj41FmA0TZKvksQbyTxj8cOidRa)
4/3/2022, 3:30:24 PM - DEBUG - auth.service - login with email: benisayev@gmail.com (sid: zrNc2zj41FmA0TZKvksQbyTxj8cOidRa)
4/3/2022, 3:30:24 PM - DEBUG - auth.service - login with email: benisayev@gmail.com (sid: zrNc2zj41FmA0TZKvksQbyTxj8cOidRa)
4/3/2022, 3:57:18 PM - ERROR - while finding board undefined | Error: Argument passed in must be a single String of 12 bytes or a string of 24 hex characters (sid: zrNc2zj41FmA0TZKvksQbyTxj8cOidRa)
4/3/2022, 3:57:18 PM - ERROR - Failed to get board | Error: Argument passed in must be a single String of 12 bytes or a string of 24 hex characters (sid: zrNc2zj41FmA0TZKvksQbyTxj8cOidRa)
4/3/2022, 3:57:34 PM - DEBUG - auth.service - login with email: kooshtal@gmail.com (sid: e6VJfzVBdUblfGSRG0b0elQo4FkuC1_C)
4/3/2022, 3:59:20 PM - ERROR - while finding board undefined | Error: Argument passed in must be a single String of 12 bytes or a string of 24 hex characters (sid: e6VJfzVBdUblfGSRG0b0elQo4FkuC1_C)
4/3/2022, 3:59:20 PM - ERROR - Failed to get board | Error: Argument passed in must be a single String of 12 bytes or a string of 24 hex characters (sid: e6VJfzVBdUblfGSRG0b0elQo4FkuC1_C)
4/3/2022, 4:02:31 PM - INFO - Server is running on port: 3030 
4/3/2022, 4:03:32 PM - INFO - Server is running on port: 3030 
4/3/2022, 4:05:45 PM - ERROR - while finding board undefined | Error: Argument passed in must be a single String of 12 bytes or a string of 24 hex characters (sid: BeInk1GrDZG_NaEAH1Ef8y145W-yuoK5)
4/3/2022, 4:05:45 PM - ERROR - Failed to get board | Error: Argument passed in must be a single String of 12 bytes or a string of 24 hex characters (sid: BeInk1GrDZG_NaEAH1Ef8y145W-yuoK5)
4/3/2022, 4:07:17 PM - DEBUG - auth.service - login with email: benisayev@gmail.com (sid: gFtgu5NqY_QnqjyKaGmv2StIdGFmWqhe)
4/3/2022, 4:07:32 PM - DEBUG - auth.service - login with email: kooshtal@gmail.com (sid: BeInk1GrDZG_NaEAH1Ef8y145W-yuoK5)
4/3/2022, 4:08:15 PM - ERROR - while finding board undefined | Error: Argument passed in must be a single String of 12 bytes or a string of 24 hex characters (sid: gFtgu5NqY_QnqjyKaGmv2StIdGFmWqhe)
4/3/2022, 4:08:15 PM - ERROR - Failed to get board | Error: Argument passed in must be a single String of 12 bytes or a string of 24 hex characters (sid: gFtgu5NqY_QnqjyKaGmv2StIdGFmWqhe)
4/3/2022, 4:09:02 PM - ERROR - while finding board undefined | Error: Argument passed in must be a single String of 12 bytes or a string of 24 hex characters (sid: gFtgu5NqY_QnqjyKaGmv2StIdGFmWqhe)
4/3/2022, 4:09:02 PM - ERROR - Failed to get board | Error: Argument passed in must be a single String of 12 bytes or a string of 24 hex characters (sid: gFtgu5NqY_QnqjyKaGmv2StIdGFmWqhe)
4/3/2022, 4:09:05 PM - ERROR - while finding board undefined | Error: Argument passed in must be a single String of 12 bytes or a string of 24 hex characters (sid: BeInk1GrDZG_NaEAH1Ef8y145W-yuoK5)
4/3/2022, 4:09:05 PM - ERROR - Failed to get board | Error: Argument passed in must be a single String of 12 bytes or a string of 24 hex characters (sid: BeInk1GrDZG_NaEAH1Ef8y145W-yuoK5)
4/3/2022, 4:13:23 PM - ERROR - while finding board undefined | Error: Argument passed in must be a single String of 12 bytes or a string of 24 hex characters (sid: gFtgu5NqY_QnqjyKaGmv2StIdGFmWqhe)
4/3/2022, 4:13:23 PM - ERROR - Failed to get board | Error: Argument passed in must be a single String of 12 bytes or a string of 24 hex characters (sid: gFtgu5NqY_QnqjyKaGmv2StIdGFmWqhe)
4/3/2022, 4:15:01 PM - INFO - Server is running on port: 3030 
4/3/2022, 4:15:19 PM - INFO - Server is running on port: 3030 
4/3/2022, 4:15:28 PM - INFO - Server is running on port: 3030 
4/3/2022, 4:15:43 PM - ERROR - while finding board undefined | Error: Argument passed in must be a single String of 12 bytes or a string of 24 hex characters (sid: xi-KJecjjZSIlRqY3n59UVXQwHaXoAwI)
4/3/2022, 4:15:43 PM - ERROR - Failed to get board | Error: Argument passed in must be a single String of 12 bytes or a string of 24 hex characters (sid: xi-KJecjjZSIlRqY3n59UVXQwHaXoAwI)
4/3/2022, 4:15:46 PM - DEBUG - auth.service - login with email: kooshtal@gmail.com (sid: xi-KJecjjZSIlRqY3n59UVXQwHaXoAwI)
4/3/2022, 4:15:52 PM - ERROR - while finding board undefined | Error: Argument passed in must be a single String of 12 bytes or a string of 24 hex characters (sid: xi-KJecjjZSIlRqY3n59UVXQwHaXoAwI)
4/3/2022, 4:15:52 PM - ERROR - Failed to get board | Error: Argument passed in must be a single String of 12 bytes or a string of 24 hex characters (sid: xi-KJecjjZSIlRqY3n59UVXQwHaXoAwI)
4/3/2022, 4:16:07 PM - INFO - Server is running on port: 3030 
4/3/2022, 4:16:58 PM - INFO - Server is running on port: 3030 
4/3/2022, 4:16:59 PM - INFO - Server is running on port: 3030 
4/3/2022, 4:17:14 PM - DEBUG - auth.service - login with email: kooshtal@gmail.com (sid: P45kvCBOzN95YBM_aBv4F4N5IiEMXrrL)
4/3/2022, 4:17:15 PM - DEBUG - auth.service - login with email: kooshtal@gmail.com (sid: P45kvCBOzN95YBM_aBv4F4N5IiEMXrrL)
4/3/2022, 4:17:17 PM - ERROR - while finding board undefined | Error: Argument passed in must be a single String of 12 bytes or a string of 24 hex characters (sid: P45kvCBOzN95YBM_aBv4F4N5IiEMXrrL)
4/3/2022, 4:17:17 PM - ERROR - Failed to get board | Error: Argument passed in must be a single String of 12 bytes or a string of 24 hex characters (sid: P45kvCBOzN95YBM_aBv4F4N5IiEMXrrL)
4/3/2022, 4:17:24 PM - ERROR - while finding board undefined | Error: Argument passed in must be a single String of 12 bytes or a string of 24 hex characters (sid: P45kvCBOzN95YBM_aBv4F4N5IiEMXrrL)
4/3/2022, 4:17:24 PM - ERROR - Failed to get board | Error: Argument passed in must be a single String of 12 bytes or a string of 24 hex characters (sid: P45kvCBOzN95YBM_aBv4F4N5IiEMXrrL)
4/3/2022, 4:19:37 PM - ERROR - while finding board undefined | Error: Argument passed in must be a single String of 12 bytes or a string of 24 hex characters (sid: pYeFKJOZGcAD5UcfSUwZkfwHqq1Dm_vd)
4/3/2022, 4:19:37 PM - ERROR - Failed to get board | Error: Argument passed in must be a single String of 12 bytes or a string of 24 hex characters (sid: pYeFKJOZGcAD5UcfSUwZkfwHqq1Dm_vd)
4/3/2022, 4:19:48 PM - DEBUG - auth.service - login with email: benisayev@gmail.com (sid: pYeFKJOZGcAD5UcfSUwZkfwHqq1Dm_vd)
4/3/2022, 4:29:17 PM - ERROR - while finding board undefined | Error: Argument passed in must be a single String of 12 bytes or a string of 24 hex characters (sid: P45kvCBOzN95YBM_aBv4F4N5IiEMXrrL)
4/3/2022, 4:29:17 PM - ERROR - Failed to get board | Error: Argument passed in must be a single String of 12 bytes or a string of 24 hex characters (sid: P45kvCBOzN95YBM_aBv4F4N5IiEMXrrL)
4/3/2022, 4:29:20 PM - ERROR - while finding board undefined | Error: Argument passed in must be a single String of 12 bytes or a string of 24 hex characters (sid: pYeFKJOZGcAD5UcfSUwZkfwHqq1Dm_vd)
4/3/2022, 4:29:20 PM - ERROR - Failed to get board | Error: Argument passed in must be a single String of 12 bytes or a string of 24 hex characters (sid: pYeFKJOZGcAD5UcfSUwZkfwHqq1Dm_vd)
4/3/2022, 4:30:14 PM - ERROR - while finding board undefined | Error: Argument passed in must be a single String of 12 bytes or a string of 24 hex characters (sid: P45kvCBOzN95YBM_aBv4F4N5IiEMXrrL)
4/3/2022, 4:30:14 PM - ERROR - Failed to get board | Error: Argument passed in must be a single String of 12 bytes or a string of 24 hex characters (sid: P45kvCBOzN95YBM_aBv4F4N5IiEMXrrL)
4/3/2022, 4:30:17 PM - ERROR - while finding board undefined | Error: Argument passed in must be a single String of 12 bytes or a string of 24 hex characters (sid: pYeFKJOZGcAD5UcfSUwZkfwHqq1Dm_vd)
4/3/2022, 4:30:17 PM - ERROR - Failed to get board | Error: Argument passed in must be a single String of 12 bytes or a string of 24 hex characters (sid: pYeFKJOZGcAD5UcfSUwZkfwHqq1Dm_vd)
4/3/2022, 4:32:12 PM - ERROR - while finding board undefined | Error: Argument passed in must be a single String of 12 bytes or a string of 24 hex characters (sid: pYeFKJOZGcAD5UcfSUwZkfwHqq1Dm_vd)
4/3/2022, 4:32:12 PM - ERROR - Failed to get board | Error: Argument passed in must be a single String of 12 bytes or a string of 24 hex characters (sid: pYeFKJOZGcAD5UcfSUwZkfwHqq1Dm_vd)
4/3/2022, 4:32:15 PM - ERROR - while finding board undefined | Error: Argument passed in must be a single String of 12 bytes or a string of 24 hex characters (sid: P45kvCBOzN95YBM_aBv4F4N5IiEMXrrL)
4/3/2022, 4:32:15 PM - ERROR - Failed to get board | Error: Argument passed in must be a single String of 12 bytes or a string of 24 hex characters (sid: P45kvCBOzN95YBM_aBv4F4N5IiEMXrrL)
4/3/2022, 4:33:24 PM - ERROR - while finding board undefined | Error: Argument passed in must be a single String of 12 bytes or a string of 24 hex characters (sid: P45kvCBOzN95YBM_aBv4F4N5IiEMXrrL)
4/3/2022, 4:33:24 PM - ERROR - Failed to get board | Error: Argument passed in must be a single String of 12 bytes or a string of 24 hex characters (sid: P45kvCBOzN95YBM_aBv4F4N5IiEMXrrL)
4/3/2022, 4:33:28 PM - ERROR - while finding board undefined | Error: Argument passed in must be a single String of 12 bytes or a string of 24 hex characters (sid: pYeFKJOZGcAD5UcfSUwZkfwHqq1Dm_vd)
4/3/2022, 4:33:28 PM - ERROR - Failed to get board | Error: Argument passed in must be a single String of 12 bytes or a string of 24 hex characters (sid: pYeFKJOZGcAD5UcfSUwZkfwHqq1Dm_vd)
4/3/2022, 4:34:34 PM - ERROR - while finding board undefined | Error: Argument passed in must be a single String of 12 bytes or a string of 24 hex characters (sid: P45kvCBOzN95YBM_aBv4F4N5IiEMXrrL)
4/3/2022, 4:34:34 PM - ERROR - Failed to get board | Error: Argument passed in must be a single String of 12 bytes or a string of 24 hex characters (sid: P45kvCBOzN95YBM_aBv4F4N5IiEMXrrL)
4/3/2022, 4:34:45 PM - ERROR - while finding board undefined | Error: Argument passed in must be a single String of 12 bytes or a string of 24 hex characters (sid: pYeFKJOZGcAD5UcfSUwZkfwHqq1Dm_vd)
4/3/2022, 4:34:45 PM - ERROR - Failed to get board | Error: Argument passed in must be a single String of 12 bytes or a string of 24 hex characters (sid: pYeFKJOZGcAD5UcfSUwZkfwHqq1Dm_vd)
4/3/2022, 4:36:30 PM - ERROR - while finding board undefined | Error: Argument passed in must be a single String of 12 bytes or a string of 24 hex characters (sid: P45kvCBOzN95YBM_aBv4F4N5IiEMXrrL)
4/3/2022, 4:36:30 PM - ERROR - Failed to get board | Error: Argument passed in must be a single String of 12 bytes or a string of 24 hex characters (sid: P45kvCBOzN95YBM_aBv4F4N5IiEMXrrL)
4/3/2022, 4:36:33 PM - ERROR - while finding board undefined | Error: Argument passed in must be a single String of 12 bytes or a string of 24 hex characters (sid: pYeFKJOZGcAD5UcfSUwZkfwHqq1Dm_vd)
4/3/2022, 4:36:33 PM - ERROR - Failed to get board | Error: Argument passed in must be a single String of 12 bytes or a string of 24 hex characters (sid: pYeFKJOZGcAD5UcfSUwZkfwHqq1Dm_vd)
4/3/2022, 4:39:09 PM - ERROR - while finding board undefined | Error: Argument passed in must be a single String of 12 bytes or a string of 24 hex characters (sid: P45kvCBOzN95YBM_aBv4F4N5IiEMXrrL)
4/3/2022, 4:39:09 PM - ERROR - Failed to get board | Error: Argument passed in must be a single String of 12 bytes or a string of 24 hex characters (sid: P45kvCBOzN95YBM_aBv4F4N5IiEMXrrL)
4/3/2022, 4:39:37 PM - ERROR - while finding board undefined | Error: Argument passed in must be a single String of 12 bytes or a string of 24 hex characters (sid: pYeFKJOZGcAD5UcfSUwZkfwHqq1Dm_vd)
4/3/2022, 4:39:37 PM - ERROR - Failed to get board | Error: Argument passed in must be a single String of 12 bytes or a string of 24 hex characters (sid: pYeFKJOZGcAD5UcfSUwZkfwHqq1Dm_vd)
4/3/2022, 4:39:54 PM - ERROR - while finding board undefined | Error: Argument passed in must be a single String of 12 bytes or a string of 24 hex characters (sid: P45kvCBOzN95YBM_aBv4F4N5IiEMXrrL)
4/3/2022, 4:39:54 PM - ERROR - Failed to get board | Error: Argument passed in must be a single String of 12 bytes or a string of 24 hex characters (sid: P45kvCBOzN95YBM_aBv4F4N5IiEMXrrL)
4/3/2022, 4:42:38 PM - ERROR - while finding board undefined | Error: Argument passed in must be a single String of 12 bytes or a string of 24 hex characters (sid: pYeFKJOZGcAD5UcfSUwZkfwHqq1Dm_vd)
4/3/2022, 4:42:38 PM - ERROR - Failed to get board | Error: Argument passed in must be a single String of 12 bytes or a string of 24 hex characters (sid: pYeFKJOZGcAD5UcfSUwZkfwHqq1Dm_vd)
4/3/2022, 4:42:38 PM - ERROR - while finding board undefined | Error: Argument passed in must be a single String of 12 bytes or a string of 24 hex characters (sid: P45kvCBOzN95YBM_aBv4F4N5IiEMXrrL)
4/3/2022, 4:42:38 PM - ERROR - Failed to get board | Error: Argument passed in must be a single String of 12 bytes or a string of 24 hex characters (sid: P45kvCBOzN95YBM_aBv4F4N5IiEMXrrL)
4/3/2022, 4:42:52 PM - INFO - Server is running on port: 3030 
4/3/2022, 4:43:42 PM - INFO - Server is running on port: 3030 
4/3/2022, 4:43:53 PM - DEBUG - auth.service - login with email: kooshtal@gmail.com (sid: jb-NGTP4smGc5VNy683DpALiAj6TuIKT)
4/3/2022, 4:43:56 PM - DEBUG - auth.service - login with email: kooshtal@gmail.com (sid: jb-NGTP4smGc5VNy683DpALiAj6TuIKT)
4/3/2022, 4:43:59 PM - DEBUG - auth.service - login with email: kooshtal@gmail.com (sid: jb-NGTP4smGc5VNy683DpALiAj6TuIKT)
4/3/2022, 4:43:59 PM - DEBUG - auth.service - login with email: kooshtal@gmail.com (sid: jb-NGTP4smGc5VNy683DpALiAj6TuIKT)
4/3/2022, 4:43:59 PM - DEBUG - auth.service - login with email: kooshtal@gmail.com (sid: jb-NGTP4smGc5VNy683DpALiAj6TuIKT)
4/3/2022, 4:43:59 PM - DEBUG - auth.service - login with email: kooshtal@gmail.com (sid: jb-NGTP4smGc5VNy683DpALiAj6TuIKT)
4/3/2022, 4:44:06 PM - DEBUG - auth.service - login with email: kooshtal@gmail.com (sid: jb-NGTP4smGc5VNy683DpALiAj6TuIKT)
4/3/2022, 4:44:06 PM - DEBUG - auth.service - login with email: kooshtal@gmail.com (sid: jb-NGTP4smGc5VNy683DpALiAj6TuIKT)
4/3/2022, 4:44:06 PM - DEBUG - auth.service - login with email: kooshtal@gmail.com (sid: jb-NGTP4smGc5VNy683DpALiAj6TuIKT)
4/3/2022, 4:44:06 PM - DEBUG - auth.service - login with email: kooshtal@gmail.com (sid: jb-NGTP4smGc5VNy683DpALiAj6TuIKT)
4/3/2022, 4:44:06 PM - DEBUG - auth.service - login with email: kooshtal@gmail.com (sid: jb-NGTP4smGc5VNy683DpALiAj6TuIKT)
4/3/2022, 4:44:15 PM - DEBUG - auth.service - login with email: benisayev@gmail.com (sid: KWbQGGQBis6fhoQ_TXp4wY8xD4NDIVZY)
4/3/2022, 4:44:56 PM - ERROR - while finding board undefined | Error: Argument passed in must be a single String of 12 bytes or a string of 24 hex characters (sid: jb-NGTP4smGc5VNy683DpALiAj6TuIKT)
4/3/2022, 4:44:56 PM - ERROR - Failed to get board | Error: Argument passed in must be a single String of 12 bytes or a string of 24 hex characters (sid: jb-NGTP4smGc5VNy683DpALiAj6TuIKT)
4/3/2022, 4:45:03 PM - ERROR - while finding board undefined | Error: Argument passed in must be a single String of 12 bytes or a string of 24 hex characters (sid: KWbQGGQBis6fhoQ_TXp4wY8xD4NDIVZY)
4/3/2022, 4:45:03 PM - ERROR - Failed to get board | Error: Argument passed in must be a single String of 12 bytes or a string of 24 hex characters (sid: KWbQGGQBis6fhoQ_TXp4wY8xD4NDIVZY)
4/3/2022, 4:45:33 PM - ERROR - while finding board undefined | Error: Argument passed in must be a single String of 12 bytes or a string of 24 hex characters (sid: jb-NGTP4smGc5VNy683DpALiAj6TuIKT)
4/3/2022, 4:45:33 PM - ERROR - Failed to get board | Error: Argument passed in must be a single String of 12 bytes or a string of 24 hex characters (sid: jb-NGTP4smGc5VNy683DpALiAj6TuIKT)
4/3/2022, 4:47:09 PM - ERROR - while finding board undefined | Error: Argument passed in must be a single String of 12 bytes or a string of 24 hex characters (sid: KWbQGGQBis6fhoQ_TXp4wY8xD4NDIVZY)
4/3/2022, 4:47:09 PM - ERROR - Failed to get board | Error: Argument passed in must be a single String of 12 bytes or a string of 24 hex characters (sid: KWbQGGQBis6fhoQ_TXp4wY8xD4NDIVZY)
4/3/2022, 4:47:09 PM - ERROR - while finding board undefined | Error: Argument passed in must be a single String of 12 bytes or a string of 24 hex characters (sid: KWbQGGQBis6fhoQ_TXp4wY8xD4NDIVZY)
4/3/2022, 4:47:09 PM - ERROR - Failed to get board | Error: Argument passed in must be a single String of 12 bytes or a string of 24 hex characters (sid: KWbQGGQBis6fhoQ_TXp4wY8xD4NDIVZY)
4/3/2022, 4:47:09 PM - ERROR - while finding board undefined | Error: Argument passed in must be a single String of 12 bytes or a string of 24 hex characters (sid: KWbQGGQBis6fhoQ_TXp4wY8xD4NDIVZY)
4/3/2022, 4:47:09 PM - ERROR - Failed to get board | Error: Argument passed in must be a single String of 12 bytes or a string of 24 hex characters (sid: KWbQGGQBis6fhoQ_TXp4wY8xD4NDIVZY)
4/3/2022, 4:47:09 PM - ERROR - while finding board undefined | Error: Argument passed in must be a single String of 12 bytes or a string of 24 hex characters (sid: KWbQGGQBis6fhoQ_TXp4wY8xD4NDIVZY)
4/3/2022, 4:47:09 PM - ERROR - Failed to get board | Error: Argument passed in must be a single String of 12 bytes or a string of 24 hex characters (sid: KWbQGGQBis6fhoQ_TXp4wY8xD4NDIVZY)
4/3/2022, 4:47:10 PM - ERROR - while finding board undefined | Error: Argument passed in must be a single String of 12 bytes or a string of 24 hex characters (sid: KWbQGGQBis6fhoQ_TXp4wY8xD4NDIVZY)
4/3/2022, 4:47:10 PM - ERROR - Failed to get board | Error: Argument passed in must be a single String of 12 bytes or a string of 24 hex characters (sid: KWbQGGQBis6fhoQ_TXp4wY8xD4NDIVZY)
4/3/2022, 4:47:10 PM - ERROR - while finding board undefined | Error: Argument passed in must be a single String of 12 bytes or a string of 24 hex characters (sid: KWbQGGQBis6fhoQ_TXp4wY8xD4NDIVZY)
4/3/2022, 4:47:10 PM - ERROR - Failed to get board | Error: Argument passed in must be a single String of 12 bytes or a string of 24 hex characters (sid: KWbQGGQBis6fhoQ_TXp4wY8xD4NDIVZY)
4/3/2022, 4:47:10 PM - ERROR - while finding board undefined | Error: Argument passed in must be a single String of 12 bytes or a string of 24 hex characters (sid: KWbQGGQBis6fhoQ_TXp4wY8xD4NDIVZY)
4/3/2022, 4:47:10 PM - ERROR - Failed to get board | Error: Argument passed in must be a single String of 12 bytes or a string of 24 hex characters (sid: KWbQGGQBis6fhoQ_TXp4wY8xD4NDIVZY)
4/3/2022, 4:47:10 PM - ERROR - while finding board undefined | Error: Argument passed in must be a single String of 12 bytes or a string of 24 hex characters (sid: KWbQGGQBis6fhoQ_TXp4wY8xD4NDIVZY)
4/3/2022, 4:47:10 PM - ERROR - Failed to get board | Error: Argument passed in must be a single String of 12 bytes or a string of 24 hex characters (sid: KWbQGGQBis6fhoQ_TXp4wY8xD4NDIVZY)
4/3/2022, 4:47:10 PM - ERROR - while finding board undefined | Error: Argument passed in must be a single String of 12 bytes or a string of 24 hex characters (sid: KWbQGGQBis6fhoQ_TXp4wY8xD4NDIVZY)
4/3/2022, 4:47:10 PM - ERROR - Failed to get board | Error: Argument passed in must be a single String of 12 bytes or a string of 24 hex characters (sid: KWbQGGQBis6fhoQ_TXp4wY8xD4NDIVZY)
4/3/2022, 4:47:10 PM - ERROR - while finding board undefined | Error: Argument passed in must be a single String of 12 bytes or a string of 24 hex characters (sid: KWbQGGQBis6fhoQ_TXp4wY8xD4NDIVZY)
4/3/2022, 4:47:10 PM - ERROR - Failed to get board | Error: Argument passed in must be a single String of 12 bytes or a string of 24 hex characters (sid: KWbQGGQBis6fhoQ_TXp4wY8xD4NDIVZY)
4/3/2022, 4:47:10 PM - ERROR - while finding board undefined | Error: Argument passed in must be a single String of 12 bytes or a string of 24 hex characters (sid: KWbQGGQBis6fhoQ_TXp4wY8xD4NDIVZY)
4/3/2022, 4:47:10 PM - ERROR - Failed to get board | Error: Argument passed in must be a single String of 12 bytes or a string of 24 hex characters (sid: KWbQGGQBis6fhoQ_TXp4wY8xD4NDIVZY)
4/3/2022, 4:47:10 PM - ERROR - while finding board undefined | Error: Argument passed in must be a single String of 12 bytes or a string of 24 hex characters (sid: jb-NGTP4smGc5VNy683DpALiAj6TuIKT)
4/3/2022, 4:47:10 PM - ERROR - Failed to get board | Error: Argument passed in must be a single String of 12 bytes or a string of 24 hex characters (sid: jb-NGTP4smGc5VNy683DpALiAj6TuIKT)
4/3/2022, 4:52:42 PM - ERROR - while finding board undefined | Error: Argument passed in must be a single String of 12 bytes or a string of 24 hex characters (sid: jb-NGTP4smGc5VNy683DpALiAj6TuIKT)
4/3/2022, 4:52:42 PM - ERROR - Failed to get board | Error: Argument passed in must be a single String of 12 bytes or a string of 24 hex characters (sid: jb-NGTP4smGc5VNy683DpALiAj6TuIKT)
4/3/2022, 4:52:48 PM - ERROR - while finding board undefined | Error: Argument passed in must be a single String of 12 bytes or a string of 24 hex characters (sid: KWbQGGQBis6fhoQ_TXp4wY8xD4NDIVZY)
4/3/2022, 4:52:48 PM - ERROR - Failed to get board | Error: Argument passed in must be a single String of 12 bytes or a string of 24 hex characters (sid: KWbQGGQBis6fhoQ_TXp4wY8xD4NDIVZY)
4/3/2022, 4:56:02 PM - INFO - Server is running on port: 3030 
4/3/2022, 4:56:24 PM - DEBUG - auth.service - login with email: kooshtal@gmail.com (sid: LJE3f6YuIYS0xvEtPX1VI1cYIi94DWO9)
4/3/2022, 4:56:24 PM - ERROR - while finding board undefined | Error: Argument passed in must be a single String of 12 bytes or a string of 24 hex characters (sid: kUGW5myTdSYiEE_tbLBOj_o8z5gjg1-v)
4/3/2022, 4:56:24 PM - ERROR - Failed to get board | Error: Argument passed in must be a single String of 12 bytes or a string of 24 hex characters (sid: kUGW5myTdSYiEE_tbLBOj_o8z5gjg1-v)
4/3/2022, 4:56:43 PM - DEBUG - auth.service - login with email: benisayev@gmail.com (sid: kUGW5myTdSYiEE_tbLBOj_o8z5gjg1-v)
4/3/2022, 4:57:32 PM - ERROR - while finding board undefined | Error: Argument passed in must be a single String of 12 bytes or a string of 24 hex characters (sid: LJE3f6YuIYS0xvEtPX1VI1cYIi94DWO9)
4/3/2022, 4:57:32 PM - ERROR - Failed to get board | Error: Argument passed in must be a single String of 12 bytes or a string of 24 hex characters (sid: LJE3f6YuIYS0xvEtPX1VI1cYIi94DWO9)
4/3/2022, 4:57:52 PM - DEBUG - auth.service - login with email: kooshtal@gmail.com (sid: LJE3f6YuIYS0xvEtPX1VI1cYIi94DWO9)
4/3/2022, 5:55:30 PM - DEBUG - auth.service - login with email: benisayev@gmail.com (sid: LJE3f6YuIYS0xvEtPX1VI1cYIi94DWO9)
